# JRE version: Java(TM) SE Runtime Environment (8.0_144-b01) (build 1.8.0_144-b01)
# Java VM: Java HotSpot(TM) 64-Bit Server VM (25.144-b01 mixed mode windows-amd64 compressed oops)
Heap:
 PSYoungGen      total 977408K, used 977396K [0x000000076ab00000, 0x00000007b8080000, 0x00000007c0000000)
  eden space 778752K, 100% used [0x000000076ab00000,0x000000079a380000,0x000000079a380000)
  from space 198656K, 99% used [0x00000007a7f00000,0x00000007b40fd0c8,0x00000007b4100000)
  to   space 224768K, 11% used [0x000000079a380000,0x000000079bc1b578,0x00000007a7f00000)
 ParOldGen       total 756736K, used 756730K [0x00000006c0000000, 0x00000006ee300000, 0x000000076ab00000)
  object space 756736K, 99% used [0x00000006c0000000,0x00000006ee2feb88,0x00000006ee300000)
 Metaspace       used 6954K, capacity 7416K, committed 7680K, reserved 1056768K
  class space    used 653K, capacity 688K, committed 768K, reserved 1048576K
GC Heap History (10 events):
Event: 8.673 GC heap after
Heap after GC invocations=16 (full 3):
 PSYoungGen      total 846848K, used 152551K [0x000000076ab00000, 0x00000007b4100000, 0x00000007c0000000)
  eden space 694272K, 0% used [0x000000076ab00000,0x000000076ab00000,0x0000000795100000)
  from space 152576K, 99% used [0x0000000795100000,0x000000079e5f9ff0,0x000000079e600000)
  to   space 198656K, 0% used [0x00000007a7f00000,0x00000007a7f00000,0x00000007b4100000)
 ParOldGen       total 473600K, used 343905K [0x00000006c0000000, 0x00000006dce80000, 0x000000076ab00000)
  object space 473600K, 72% used [0x00000006c0000000,0x00000006d4fd8480,0x00000006dce80000)
 Metaspace       used 6836K, capacity 7352K, committed 7680K, reserved 1056768K
  class space    used 646K, capacity 688K, committed 768K, reserved 1048576K
}
Event: 9.325 GC heap before
{Heap before GC invocations=17 (full 3):
 PSYoungGen      total 846848K, used 846823K [0x000000076ab00000, 0x00000007b4100000, 0x00000007c0000000)
  eden space 694272K, 100% used [0x000000076ab00000,0x0000000795100000,0x0000000795100000)
  from space 152576K, 99% used [0x0000000795100000,0x000000079e5f9ff0,0x000000079e600000)
  to   space 198656K, 0% used [0x00000007a7f00000,0x00000007a7f00000,0x00000007b4100000)
 ParOldGen       total 473600K, used 343905K [0x00000006c0000000, 0x00000006dce80000, 0x000000076ab00000)
  object space 473600K, 72% used [0x00000006c0000000,0x00000006d4fd8480,0x00000006dce80000)
 Metaspace       used 6840K, capacity 7352K, committed 7680K, reserved 1056768K
  class space    used 646K, capacity 688K, committed 768K, reserved 1048576K
Event: 9.492 GC heap after
Heap after GC invocations=17 (full 3):
 PSYoungGen      total 977408K, used 174789K [0x000000076ab00000, 0x00000007b8080000, 0x00000007c0000000)
  eden space 778752K, 0% used [0x000000076ab00000,0x000000076ab00000,0x000000079a380000)
  from space 198656K, 87% used [0x00000007a7f00000,0x00000007b29b1668,0x00000007b4100000)
  to   space 224768K, 0% used [0x000000079a380000,0x000000079a380000,0x00000007a7f00000)
 ParOldGen       total 473600K, used 423561K [0x00000006c0000000, 0x00000006dce80000, 0x000000076ab00000)
  object space 473600K, 89% used [0x00000006c0000000,0x00000006d9da2760,0x00000006dce80000)
 Metaspace       used 6840K, capacity 7352K, committed 7680K, reserved 1056768K
  class space    used 646K, capacity 688K, committed 768K, reserved 1048576K
}
Event: 9.493 GC heap before
{Heap before GC invocations=18 (full 4):
 PSYoungGen      total 977408K, used 174789K [0x000000076ab00000, 0x00000007b8080000, 0x00000007c0000000)
  eden space 778752K, 0% used [0x000000076ab00000,0x000000076ab00000,0x000000079a380000)
  from space 198656K, 87% used [0x00000007a7f00000,0x00000007b29b1668,0x00000007b4100000)
  to   space 224768K, 0% used [0x000000079a380000,0x000000079a380000,0x00000007a7f00000)
 ParOldGen       total 473600K, used 423561K [0x00000006c0000000, 0x00000006dce80000, 0x000000076ab00000)
  object space 473600K, 89% used [0x00000006c0000000,0x00000006d9da2760,0x00000006dce80000)
 Metaspace       used 6840K, capacity 7352K, committed 7680K, reserved 1056768K
  class space    used 646K, capacity 688K, committed 768K, reserved 1048576K
Event: 11.710 GC heap after
Heap after GC invocations=18 (full 4):
 PSYoungGen      total 977408K, used 122139K [0x000000076ab00000, 0x00000007b8080000, 0x00000007c0000000)
  eden space 778752K, 0% used [0x000000076ab00000,0x000000076ab00000,0x000000079a380000)
  from space 198656K, 61% used [0x00000007a7f00000,0x00000007af646f48,0x00000007b4100000)
  to   space 224768K, 0% used [0x000000079a380000,0x000000079a380000,0x00000007a7f00000)
 ParOldGen       total 731648K, used 473145K [0x00000006c0000000, 0x00000006eca80000, 0x000000076ab00000)
  object space 731648K, 64% used [0x00000006c0000000,0x00000006dce0e610,0x00000006eca80000)
 Metaspace       used 6840K, capacity 7352K, committed 7680K, reserved 1056768K
  class space    used 646K, capacity 688K, committed 768K, reserved 1048576K
}
Event: 12.738 GC heap before
{Heap before GC invocations=19 (full 4):
 PSYoungGen      total 977408K, used 900891K [0x000000076ab00000, 0x00000007b8080000, 0x00000007c0000000)
  eden space 778752K, 100% used [0x000000076ab00000,0x000000079a380000,0x000000079a380000)
  from space 198656K, 61% used [0x00000007a7f00000,0x00000007af646f48,0x00000007b4100000)
  to   space 224768K, 0% used [0x000000079a380000,0x000000079a380000,0x00000007a7f00000)
 ParOldGen       total 731648K, used 473145K [0x00000006c0000000, 0x00000006eca80000, 0x000000076ab00000)
  object space 731648K, 64% used [0x00000006c0000000,0x00000006dce0e610,0x00000006eca80000)
 Metaspace       used 6847K, capacity 7352K, committed 7680K, reserved 1056768K
  class space    used 647K, capacity 688K, committed 768K, reserved 1048576K
Event: 12.942 GC heap after
Heap after GC invocations=19 (full 4):
 PSYoungGen      total 1003520K, used 224737K [0x000000076ab00000, 0x00000007b8080000, 0x00000007c0000000)
  eden space 778752K, 0% used [0x000000076ab00000,0x000000076ab00000,0x000000079a380000)
  from space 224768K, 99% used [0x000000079a380000,0x00000007a7ef8638,0x00000007a7f00000)
  to   space 198656K, 0% used [0x00000007a7f00000,0x00000007a7f00000,0x00000007b4100000)
 ParOldGen       total 731648K, used 484087K [0x00000006c0000000, 0x00000006eca80000, 0x000000076ab00000)
  object space 731648K, 66% used [0x00000006c0000000,0x00000006dd8bdef0,0x00000006eca80000)
 Metaspace       used 6847K, capacity 7352K, committed 7680K, reserved 1056768K
  class space    used 647K, capacity 688K, committed 768K, reserved 1048576K
}
Event: 13.965 GC heap before
{Heap before GC invocations=20 (full 4):
 PSYoungGen      total 1003520K, used 1003489K [0x000000076ab00000, 0x00000007b8080000, 0x00000007c0000000)
  eden space 778752K, 100% used [0x000000076ab00000,0x000000079a380000,0x000000079a380000)
  from space 224768K, 99% used [0x000000079a380000,0x00000007a7ef8638,0x00000007a7f00000)
  to   space 198656K, 0% used [0x00000007a7f00000,0x00000007a7f00000,0x00000007b4100000)
 ParOldGen       total 731648K, used 484087K [0x00000006c0000000, 0x00000006eca80000, 0x000000076ab00000)
  object space 731648K, 66% used [0x00000006c0000000,0x00000006dd8bdef0,0x00000006eca80000)
 Metaspace       used 6952K, capacity 7416K, committed 7680K, reserved 1056768K
  class space    used 653K, capacity 688K, committed 768K, reserved 1048576K
Event: 14.207 GC heap after
Heap after GC invocations=20 (full 4):
 PSYoungGen      total 977408K, used 198644K [0x000000076ab00000, 0x00000007b8080000, 0x00000007c0000000)
  eden space 778752K, 0% used [0x000000076ab00000,0x000000076ab00000,0x000000079a380000)
  from space 198656K, 99% used [0x00000007a7f00000,0x00000007b40fd0c8,0x00000007b4100000)
  to   space 224768K, 0% used [0x000000079a380000,0x000000079a380000,0x00000007a7f00000)
 ParOldGen       total 731648K, used 610351K [0x00000006c0000000, 0x00000006eca80000, 0x000000076ab00000)
  object space 731648K, 83% used [0x00000006c0000000,0x00000006e540bc58,0x00000006eca80000)
 Metaspace       used 6952K, capacity 7416K, committed 7680K, reserved 1056768K
  class space    used 653K, capacity 688K, committed 768K, reserved 1048576K
}
Event: 14.922 GC heap before
{Heap before GC invocations=21 (full 4):
 PSYoungGen      total 977408K, used 977396K [0x000000076ab00000, 0x00000007b8080000, 0x00000007c0000000)
  eden space 778752K, 100% used [0x000000076ab00000,0x000000079a380000,0x000000079a380000)
  from space 198656K, 99% used [0x00000007a7f00000,0x00000007b40fd0c8,0x00000007b4100000)
  to   space 224768K, 0% used [0x000000079a380000,0x000000079a380000,0x00000007a7f00000)
 ParOldGen       total 731648K, used 610351K [0x00000006c0000000, 0x00000006eca80000, 0x000000076ab00000)
  object space 731648K, 83% used [0x00000006c0000000,0x00000006e540bc58,0x00000006eca80000)
 Metaspace       used 6954K, capacity 7416K, committed 7680K, reserved 1056768K
  class space    used 653K, capacity 688K, committed 768K, reserved 1048576K

