# JRE version: Java(TM) SE Runtime Environment (8.0_144-b01) (build 1.8.0_144-b01)
# Java VM: Java HotSpot(TM) 64-Bit Server VM (25.144-b01 mixed mode windows-amd64 compressed oops)
Heap:
 PSYoungGen      total 497152K, used 386823K [0x000000076ab00000, 0x000000079a600000, 0x00000007c0000000)
  eden space 439808K, 87% used [0x000000076ab00000,0x00000007824c1ec0,0x0000000785880000)
  from space 57344K, 0% used [0x000000078c300000,0x000000078c300000,0x000000078fb00000)
  to   space 109056K, 0% used [0x0000000785880000,0x0000000785880000,0x000000078c300000)
 ParOldGen       total 179712K, used 179313K [0x00000006c0000000, 0x00000006caf80000, 0x000000076ab00000)
  object space 179712K, 99% used [0x00000006c0000000,0x00000006caf1c510,0x00000006caf80000)
 Metaspace       used 6834K, capacity 7352K, committed 7680K, reserved 1056768K
  class space    used 646K, capacity 688K, committed 768K, reserved 1048576K
GC Heap History (10 events):
Event: 2.946 GC heap before
{Heap before GC invocations=11 (full 1):
 PSYoungGen      total 502784K, used 502783K [0x000000076ab00000, 0x000000078fb00000, 0x00000007c0000000)
  eden space 445440K, 100% used [0x000000076ab00000,0x0000000785e00000,0x0000000785e00000)
  from space 57344K, 99% used [0x0000000788b00000,0x000000078c2ffd48,0x000000078c300000)
  to   space 57344K, 0% used [0x000000078c300000,0x000000078c300000,0x000000078fb00000)
 ParOldGen       total 165888K, used 116385K [0x00000006c0000000, 0x00000006ca200000, 0x000000076ab00000)
  object space 165888K, 70% used [0x00000006c0000000,0x00000006c71a8440,0x00000006ca200000)
 Metaspace       used 6802K, capacity 7352K, committed 7680K, reserved 1056768K
  class space    used 644K, capacity 688K, committed 768K, reserved 1048576K
Event: 3.034 GC heap after
Heap after GC invocations=11 (full 1):
 PSYoungGen      total 497152K, used 57320K [0x000000076ab00000, 0x000000079a600000, 0x00000007c0000000)
  eden space 439808K, 0% used [0x000000076ab00000,0x000000076ab00000,0x0000000785880000)
  from space 57344K, 99% used [0x000000078c300000,0x000000078fafa358,0x000000078fb00000)
  to   space 109056K, 0% used [0x0000000785880000,0x0000000785880000,0x000000078c300000)
 ParOldGen       total 179712K, used 179308K [0x00000006c0000000, 0x00000006caf80000, 0x000000076ab00000)
  object space 179712K, 99% used [0x00000006c0000000,0x00000006caf1b2d8,0x00000006caf80000)
 Metaspace       used 6802K, capacity 7352K, committed 7680K, reserved 1056768K
  class space    used 644K, capacity 688K, committed 768K, reserved 1048576K
}
Event: 3.034 GC heap before
{Heap before GC invocations=12 (full 2):
 PSYoungGen      total 497152K, used 57320K [0x000000076ab00000, 0x000000079a600000, 0x00000007c0000000)
  eden space 439808K, 0% used [0x000000076ab00000,0x000000076ab00000,0x0000000785880000)
  from space 57344K, 99% used [0x000000078c300000,0x000000078fafa358,0x000000078fb00000)
  to   space 109056K, 0% used [0x0000000785880000,0x0000000785880000,0x000000078c300000)
 ParOldGen       total 179712K, used 179308K [0x00000006c0000000, 0x00000006caf80000, 0x000000076ab00000)
  object space 179712K, 99% used [0x00000006c0000000,0x00000006caf1b2d8,0x00000006caf80000)
 Metaspace       used 6802K, capacity 7352K, committed 7680K, reserved 1056768K
  class space    used 644K, capacity 688K, committed 768K, reserved 1048576K
Event: 3.935 GC heap after
Heap after GC invocations=12 (full 2):
 PSYoungGen      total 497152K, used 51402K [0x000000076ab00000, 0x000000079a600000, 0x00000007c0000000)
  eden space 439808K, 0% used [0x000000076ab00000,0x000000076ab00000,0x0000000785880000)
  from space 57344K, 89% used [0x000000078c300000,0x000000078f5329f8,0x000000078fb00000)
  to   space 109056K, 0% used [0x0000000785880000,0x0000000785880000,0x000000078c300000)
 ParOldGen       total 179712K, used 179536K [0x00000006c0000000, 0x00000006caf80000, 0x000000076ab00000)
  object space 179712K, 99% used [0x00000006c0000000,0x00000006caf54118,0x00000006caf80000)
 Metaspace       used 6802K, capacity 7352K, committed 7680K, reserved 1056768K
  class space    used 644K, capacity 688K, committed 768K, reserved 1048576K
}
Event: 4.804 GC heap before
{Heap before GC invocations=13 (full 3):
 PSYoungGen      total 497152K, used 491210K [0x000000076ab00000, 0x000000079a600000, 0x00000007c0000000)
  eden space 439808K, 100% used [0x000000076ab00000,0x0000000785880000,0x0000000785880000)
  from space 57344K, 89% used [0x000000078c300000,0x000000078f5329f8,0x000000078fb00000)
  to   space 109056K, 0% used [0x0000000785880000,0x0000000785880000,0x000000078c300000)
 ParOldGen       total 179712K, used 179536K [0x00000006c0000000, 0x00000006caf80000, 0x000000076ab00000)
  object space 179712K, 99% used [0x00000006c0000000,0x00000006caf54118,0x00000006caf80000)
 Metaspace       used 6814K, capacity 7352K, committed 7680K, reserved 1056768K
  class space    used 645K, capacity 688K, committed 768K, reserved 1048576K
Event: 5.290 GC heap after
Heap after GC invocations=13 (full 3):
 PSYoungGen      total 497152K, used 100600K [0x000000076ab00000, 0x000000079a600000, 0x00000007c0000000)
  eden space 439808K, 22% used [0x000000076ab00000,0x0000000770d3e060,0x0000000785880000)
  from space 57344K, 0% used [0x000000078c300000,0x000000078c300000,0x000000078fb00000)
  to   space 109056K, 0% used [0x0000000785880000,0x0000000785880000,0x000000078c300000)
 ParOldGen       total 179712K, used 179660K [0x00000006c0000000, 0x00000006caf80000, 0x000000076ab00000)
  object space 179712K, 99% used [0x00000006c0000000,0x00000006caf73090,0x00000006caf80000)
 Metaspace       used 6814K, capacity 7352K, committed 7680K, reserved 1056768K
  class space    used 645K, capacity 688K, committed 768K, reserved 1048576K
}
Event: 5.803 GC heap before
{Heap before GC invocations=14 (full 4):
 PSYoungGen      total 497152K, used 439808K [0x000000076ab00000, 0x000000079a600000, 0x00000007c0000000)
  eden space 439808K, 100% used [0x000000076ab00000,0x0000000785880000,0x0000000785880000)
  from space 57344K, 0% used [0x000000078c300000,0x000000078c300000,0x000000078fb00000)
  to   space 109056K, 0% used [0x0000000785880000,0x0000000785880000,0x000000078c300000)
 ParOldGen       total 179712K, used 179660K [0x00000006c0000000, 0x00000006caf80000, 0x000000076ab00000)
  object space 179712K, 99% used [0x00000006c0000000,0x00000006caf73090,0x00000006caf80000)
 Metaspace       used 6823K, capacity 7352K, committed 7680K, reserved 1056768K
  class space    used 646K, capacity 688K, committed 768K, reserved 1048576K
Event: 6.882 GC heap after
Heap after GC invocations=14 (full 4):
 PSYoungGen      total 497152K, used 153487K [0x000000076ab00000, 0x000000079a600000, 0x00000007c0000000)
  eden space 439808K, 34% used [0x000000076ab00000,0x00000007740e3c58,0x0000000785880000)
  from space 57344K, 0% used [0x000000078c300000,0x000000078c300000,0x000000078fb00000)
  to   space 109056K, 0% used [0x0000000785880000,0x0000000785880000,0x000000078c300000)
 ParOldGen       total 179712K, used 179316K [0x00000006c0000000, 0x00000006caf80000, 0x000000076ab00000)
  object space 179712K, 99% used [0x00000006c0000000,0x00000006caf1d130,0x00000006caf80000)
 Metaspace       used 6823K, capacity 7352K, committed 7680K, reserved 1056768K
  class space    used 646K, capacity 688K, committed 768K, reserved 1048576K
}
Event: 7.143 GC heap before
{Heap before GC invocations=15 (full 5):
 PSYoungGen      total 497152K, used 439808K [0x000000076ab00000, 0x000000079a600000, 0x00000007c0000000)
  eden space 439808K, 100% used [0x000000076ab00000,0x0000000785880000,0x0000000785880000)
  from space 57344K, 0% used [0x000000078c300000,0x000000078c300000,0x000000078fb00000)
  to   space 109056K, 0% used [0x0000000785880000,0x0000000785880000,0x000000078c300000)
 ParOldGen       total 179712K, used 179316K [0x00000006c0000000, 0x00000006caf80000, 0x000000076ab00000)
  object space 179712K, 99% used [0x00000006c0000000,0x00000006caf1d130,0x00000006caf80000)
 Metaspace       used 6824K, capacity 7352K, committed 7680K, reserved 1056768K
  class space    used 646K, capacity 688K, committed 768K, reserved 1048576K
Event: 7.860 GC heap after
Heap after GC invocations=15 (full 5):
 PSYoungGen      total 497152K, used 194049K [0x000000076ab00000, 0x000000079a600000, 0x00000007c0000000)
  eden space 439808K, 44% used [0x000000076ab00000,0x00000007768805d0,0x0000000785880000)
  from space 57344K, 0% used [0x000000078c300000,0x000000078c300000,0x000000078fb00000)
  to   space 109056K, 0% used [0x0000000785880000,0x0000000785880000,0x000000078c300000)
 ParOldGen       total 179712K, used 179313K [0x00000006c0000000, 0x00000006caf80000, 0x000000076ab00000)
  object space 179712K, 99% used [0x00000006c0000000,0x00000006caf1c510,0x00000006caf80000)
 Metaspace       used 6824K, capacity 7352K, committed 7680K, reserved 1056768K
  class space    used 646K, capacity 688K, committed 768K, reserved 1048576K
}

