# JRE version: Java(TM) SE Runtime Environment (8.0_144-b01) (build 1.8.0_144-b01)
# Java VM: Java HotSpot(TM) 64-Bit Server VM (25.144-b01 mixed mode windows-amd64 compressed oops)
Heap:
 PSYoungGen      total 592896K, used 409482K [0x000000076ab00000, 0x000000079b980000, 0x00000007c0000000)
  eden space 484864K, 84% used [0x000000076ab00000,0x0000000783ae29c8,0x0000000788480000)
  from space 108032K, 0% used [0x0000000790980000,0x0000000790980000,0x0000000797300000)
  to   space 136192K, 0% used [0x0000000788480000,0x0000000788480000,0x0000000790980000)
 ParOldGen       total 370688K, used 370626K [0x00000006c0000000, 0x00000006d6a00000, 0x000000076ab00000)
  object space 370688K, 99% used [0x00000006c0000000,0x00000006d69f0bc8,0x00000006d6a00000)
 Metaspace       used 6834K, capacity 7352K, committed 7680K, reserved 1056768K
  class space    used 648K, capacity 688K, committed 768K, reserved 1048576K
GC Heap History (10 events):
Event: 10.231 GC heap before
{Heap before GC invocations=19 (full 5):
 PSYoungGen      total 592896K, used 484864K [0x000000076ab00000, 0x000000079b980000, 0x00000007c0000000)
  eden space 484864K, 100% used [0x000000076ab00000,0x0000000788480000,0x0000000788480000)
  from space 108032K, 0% used [0x0000000790980000,0x0000000790980000,0x0000000797300000)
  to   space 136192K, 0% used [0x0000000788480000,0x0000000788480000,0x0000000790980000)
 ParOldGen       total 370688K, used 370664K [0x00000006c0000000, 0x00000006d6a00000, 0x000000076ab00000)
  object space 370688K, 99% used [0x00000006c0000000,0x00000006d69fa3e0,0x00000006d6a00000)
 Metaspace       used 6828K, capacity 7352K, committed 7680K, reserved 1056768K
  class space    used 648K, capacity 688K, committed 768K, reserved 1048576K
Event: 11.662 GC heap after
Heap after GC invocations=19 (full 5):
 PSYoungGen      total 592896K, used 207138K [0x000000076ab00000, 0x000000079b980000, 0x00000007c0000000)
  eden space 484864K, 42% used [0x000000076ab00000,0x0000000777548a30,0x0000000788480000)
  from space 108032K, 0% used [0x0000000790980000,0x0000000790980000,0x0000000797300000)
  to   space 136192K, 0% used [0x0000000788480000,0x0000000788480000,0x0000000790980000)
 ParOldGen       total 370688K, used 370525K [0x00000006c0000000, 0x00000006d6a00000, 0x000000076ab00000)
  object space 370688K, 99% used [0x00000006c0000000,0x00000006d69d76d0,0x00000006d6a00000)
 Metaspace       used 6828K, capacity 7352K, committed 7680K, reserved 1056768K
  class space    used 648K, capacity 688K, committed 768K, reserved 1048576K
}
Event: 11.965 GC heap before
{Heap before GC invocations=20 (full 6):
 PSYoungGen      total 592896K, used 484864K [0x000000076ab00000, 0x000000079b980000, 0x00000007c0000000)
  eden space 484864K, 100% used [0x000000076ab00000,0x0000000788480000,0x0000000788480000)
  from space 108032K, 0% used [0x0000000790980000,0x0000000790980000,0x0000000797300000)
  to   space 136192K, 0% used [0x0000000788480000,0x0000000788480000,0x0000000790980000)
 ParOldGen       total 370688K, used 370525K [0x00000006c0000000, 0x00000006d6a00000, 0x000000076ab00000)
  object space 370688K, 99% used [0x00000006c0000000,0x00000006d69d76d0,0x00000006d6a00000)
 Metaspace       used 6831K, capacity 7352K, committed 7680K, reserved 1056768K
  class space    used 648K, capacity 688K, committed 768K, reserved 1048576K
Event: 13.595 GC heap after
Heap after GC invocations=20 (full 6):
 PSYoungGen      total 592896K, used 245998K [0x000000076ab00000, 0x000000079b980000, 0x00000007c0000000)
  eden space 484864K, 50% used [0x000000076ab00000,0x0000000779b3b810,0x0000000788480000)
  from space 108032K, 0% used [0x0000000790980000,0x0000000790980000,0x0000000797300000)
  to   space 136192K, 0% used [0x0000000788480000,0x0000000788480000,0x0000000790980000)
 ParOldGen       total 370688K, used 370507K [0x00000006c0000000, 0x00000006d6a00000, 0x000000076ab00000)
  object space 370688K, 99% used [0x00000006c0000000,0x00000006d69d2df8,0x00000006d6a00000)
 Metaspace       used 6831K, capacity 7352K, committed 7680K, reserved 1056768K
  class space    used 648K, capacity 688K, committed 768K, reserved 1048576K
}
Event: 13.887 GC heap before
{Heap before GC invocations=21 (full 7):
 PSYoungGen      total 592896K, used 484864K [0x000000076ab00000, 0x000000079b980000, 0x00000007c0000000)
  eden space 484864K, 100% used [0x000000076ab00000,0x0000000788480000,0x0000000788480000)
  from space 108032K, 0% used [0x0000000790980000,0x0000000790980000,0x0000000797300000)
  to   space 136192K, 0% used [0x0000000788480000,0x0000000788480000,0x0000000790980000)
 ParOldGen       total 370688K, used 370507K [0x00000006c0000000, 0x00000006d6a00000, 0x000000076ab00000)
  object space 370688K, 99% used [0x00000006c0000000,0x00000006d69d2df8,0x00000006d6a00000)
 Metaspace       used 6834K, capacity 7352K, committed 7680K, reserved 1056768K
  class space    used 648K, capacity 688K, committed 768K, reserved 1048576K
Event: 16.069 GC heap after
Heap after GC invocations=21 (full 7):
 PSYoungGen      total 592896K, used 278977K [0x000000076ab00000, 0x000000079b980000, 0x00000007c0000000)
  eden space 484864K, 57% used [0x000000076ab00000,0x000000077bb707b0,0x0000000788480000)
  from space 108032K, 0% used [0x0000000790980000,0x0000000790980000,0x0000000797300000)
  to   space 136192K, 0% used [0x0000000788480000,0x0000000788480000,0x0000000790980000)
 ParOldGen       total 370688K, used 370630K [0x00000006c0000000, 0x00000006d6a00000, 0x000000076ab00000)
  object space 370688K, 99% used [0x00000006c0000000,0x00000006d69f1948,0x00000006d6a00000)
 Metaspace       used 6834K, capacity 7352K, committed 7680K, reserved 1056768K
  class space    used 648K, capacity 688K, committed 768K, reserved 1048576K
}
Event: 16.332 GC heap before
{Heap before GC invocations=22 (full 8):
 PSYoungGen      total 592896K, used 484864K [0x000000076ab00000, 0x000000079b980000, 0x00000007c0000000)
  eden space 484864K, 100% used [0x000000076ab00000,0x0000000788480000,0x0000000788480000)
  from space 108032K, 0% used [0x0000000790980000,0x0000000790980000,0x0000000797300000)
  to   space 136192K, 0% used [0x0000000788480000,0x0000000788480000,0x0000000790980000)
 ParOldGen       total 370688K, used 370630K [0x00000006c0000000, 0x00000006d6a00000, 0x000000076ab00000)
  object space 370688K, 99% used [0x00000006c0000000,0x00000006d69f1948,0x00000006d6a00000)
 Metaspace       used 6834K, capacity 7352K, committed 7680K, reserved 1056768K
  class space    used 648K, capacity 688K, committed 768K, reserved 1048576K
Event: 17.581 GC heap after
Heap after GC invocations=22 (full 8):
 PSYoungGen      total 592896K, used 308447K [0x000000076ab00000, 0x000000079b980000, 0x00000007c0000000)
  eden space 484864K, 63% used [0x000000076ab00000,0x000000077d837de8,0x0000000788480000)
  from space 108032K, 0% used [0x0000000790980000,0x0000000790980000,0x0000000797300000)
  to   space 136192K, 0% used [0x0000000788480000,0x0000000788480000,0x0000000790980000)
 ParOldGen       total 370688K, used 370627K [0x00000006c0000000, 0x00000006d6a00000, 0x000000076ab00000)
  object space 370688K, 99% used [0x00000006c0000000,0x00000006d69f0fa8,0x00000006d6a00000)
 Metaspace       used 6834K, capacity 7352K, committed 7680K, reserved 1056768K
  class space    used 648K, capacity 688K, committed 768K, reserved 1048576K
}
Event: 17.771 GC heap before
{Heap before GC invocations=23 (full 9):
 PSYoungGen      total 592896K, used 484864K [0x000000076ab00000, 0x000000079b980000, 0x00000007c0000000)
  eden space 484864K, 100% used [0x000000076ab00000,0x0000000788480000,0x0000000788480000)
  from space 108032K, 0% used [0x0000000790980000,0x0000000790980000,0x0000000797300000)
  to   space 136192K, 0% used [0x0000000788480000,0x0000000788480000,0x0000000790980000)
 ParOldGen       total 370688K, used 370627K [0x00000006c0000000, 0x00000006d6a00000, 0x000000076ab00000)
  object space 370688K, 99% used [0x00000006c0000000,0x00000006d69f0fa8,0x00000006d6a00000)
 Metaspace       used 6834K, capacity 7352K, committed 7680K, reserved 1056768K
  class space    used 648K, capacity 688K, committed 768K, reserved 1048576K
Event: 19.177 GC heap after
Heap after GC invocations=23 (full 9):
 PSYoungGen      total 592896K, used 336530K [0x000000076ab00000, 0x000000079b980000, 0x00000007c0000000)
  eden space 484864K, 69% used [0x000000076ab00000,0x000000077f3a4930,0x0000000788480000)
  from space 108032K, 0% used [0x0000000790980000,0x0000000790980000,0x0000000797300000)
  to   space 136192K, 0% used [0x0000000788480000,0x0000000788480000,0x0000000790980000)
 ParOldGen       total 370688K, used 370626K [0x00000006c0000000, 0x00000006d6a00000, 0x000000076ab00000)
  object space 370688K, 99% used [0x00000006c0000000,0x00000006d69f0bc8,0x00000006d6a00000)
 Metaspace       used 6834K, capacity 7352K, committed 7680K, reserved 1056768K
  class space    used 648K, capacity 688K, committed 768K, reserved 1048576K
}

