# JRE version: Java(TM) SE Runtime Environment (8.0_144-b01) (build 1.8.0_144-b01)
# Java VM: Java HotSpot(TM) 64-Bit Server VM (25.144-b01 mixed mode windows-amd64 compressed oops)
Heap:
 PSYoungGen      total 820224K, used 608001K [0x000000076ab00000, 0x00000007ad480000, 0x00000007c0000000)
  eden space 643584K, 94% used [0x000000076ab00000,0x000000078fcc0590,0x0000000791f80000)
  from space 176640K, 0% used [0x00000007a2800000,0x00000007a2800000,0x00000007ad480000)
  to   space 139776K, 0% used [0x0000000791f80000,0x0000000791f80000,0x000000079a800000)
 ParOldGen       total 495616K, used 495595K [0x00000006c0000000, 0x00000006de400000, 0x000000076ab00000)
  object space 495616K, 99% used [0x00000006c0000000,0x00000006de3fad50,0x00000006de400000)
 Metaspace       used 6845K, capacity 7352K, committed 7680K, reserved 1056768K
  class space    used 646K, capacity 688K, committed 768K, reserved 1048576K
GC Heap History (10 events):
Event: 5.908 GC heap before
{Heap before GC invocations=15 (full 3):
 PSYoungGen      total 696320K, used 588174K [0x000000076ab00000, 0x00000007a3b00000, 0x00000007c0000000)
  eden space 570368K, 100% used [0x000000076ab00000,0x000000078d800000,0x000000078d800000)
  from space 125952K, 14% used [0x000000078d800000,0x000000078e963af8,0x0000000795300000)
  to   space 130048K, 0% used [0x000000079bc00000,0x000000079bc00000,0x00000007a3b00000)
 ParOldGen       total 495616K, used 299844K [0x00000006c0000000, 0x00000006de400000, 0x000000076ab00000)
  object space 495616K, 60% used [0x00000006c0000000,0x00000006d24d1398,0x00000006de400000)
 Metaspace       used 6820K, capacity 7352K, committed 7680K, reserved 1056768K
  class space    used 645K, capacity 688K, committed 768K, reserved 1048576K
Event: 6.019 GC heap after
Heap after GC invocations=15 (full 3):
 PSYoungGen      total 762880K, used 94688K [0x000000076ab00000, 0x00000007a3080000, 0x00000007c0000000)
  eden space 643584K, 0% used [0x000000076ab00000,0x000000076ab00000,0x0000000791f80000)
  from space 119296K, 79% used [0x000000079bc00000,0x00000007a1878120,0x00000007a3080000)
  to   space 139776K, 0% used [0x0000000791f80000,0x0000000791f80000,0x000000079a800000)
 ParOldGen       total 495616K, used 299844K [0x00000006c0000000, 0x00000006de400000, 0x000000076ab00000)
  object space 495616K, 60% used [0x00000006c0000000,0x00000006d24d1398,0x00000006de400000)
 Metaspace       used 6820K, capacity 7352K, committed 7680K, reserved 1056768K
  class space    used 645K, capacity 688K, committed 768K, reserved 1048576K
}
Event: 6.585 GC heap before
{Heap before GC invocations=16 (full 3):
 PSYoungGen      total 762880K, used 738272K [0x000000076ab00000, 0x00000007a3080000, 0x00000007c0000000)
  eden space 643584K, 100% used [0x000000076ab00000,0x0000000791f80000,0x0000000791f80000)
  from space 119296K, 79% used [0x000000079bc00000,0x00000007a1878120,0x00000007a3080000)
  to   space 139776K, 0% used [0x0000000791f80000,0x0000000791f80000,0x000000079a800000)
 ParOldGen       total 495616K, used 299844K [0x00000006c0000000, 0x00000006de400000, 0x000000076ab00000)
  object space 495616K, 60% used [0x00000006c0000000,0x00000006d24d1398,0x00000006de400000)
 Metaspace       used 6826K, capacity 7352K, committed 7680K, reserved 1056768K
  class space    used 645K, capacity 688K, committed 768K, reserved 1048576K
Event: 6.709 GC heap after
Heap after GC invocations=16 (full 3):
 PSYoungGen      total 783360K, used 139750K [0x000000076ab00000, 0x00000007ad480000, 0x00000007c0000000)
  eden space 643584K, 0% used [0x000000076ab00000,0x000000076ab00000,0x0000000791f80000)
  from space 139776K, 99% used [0x0000000791f80000,0x000000079a7f9ac0,0x000000079a800000)
  to   space 176640K, 0% used [0x00000007a2800000,0x00000007a2800000,0x00000007ad480000)
 ParOldGen       total 495616K, used 336028K [0x00000006c0000000, 0x00000006de400000, 0x000000076ab00000)
  object space 495616K, 67% used [0x00000006c0000000,0x00000006d48270c8,0x00000006de400000)
 Metaspace       used 6826K, capacity 7352K, committed 7680K, reserved 1056768K
  class space    used 645K, capacity 688K, committed 768K, reserved 1048576K
}
Event: 7.587 GC heap before
{Heap before GC invocations=17 (full 3):
 PSYoungGen      total 783360K, used 783334K [0x000000076ab00000, 0x00000007ad480000, 0x00000007c0000000)
  eden space 643584K, 100% used [0x000000076ab00000,0x0000000791f80000,0x0000000791f80000)
  from space 139776K, 99% used [0x0000000791f80000,0x000000079a7f9ac0,0x000000079a800000)
  to   space 176640K, 0% used [0x00000007a2800000,0x00000007a2800000,0x00000007ad480000)
 ParOldGen       total 495616K, used 336028K [0x00000006c0000000, 0x00000006de400000, 0x000000076ab00000)
  object space 495616K, 67% used [0x00000006c0000000,0x00000006d48270c8,0x00000006de400000)
 Metaspace       used 6837K, capacity 7352K, committed 7680K, reserved 1056768K
  class space    used 646K, capacity 688K, committed 768K, reserved 1048576K
Event: 7.805 GC heap after
Heap after GC invocations=17 (full 3):
 PSYoungGen      total 820224K, used 137996K [0x000000076ab00000, 0x00000007ad480000, 0x00000007c0000000)
  eden space 643584K, 0% used [0x000000076ab00000,0x000000076ab00000,0x0000000791f80000)
  from space 176640K, 78% used [0x00000007a2800000,0x00000007aaec3260,0x00000007ad480000)
  to   space 139776K, 0% used [0x0000000791f80000,0x0000000791f80000,0x000000079a800000)
 ParOldGen       total 495616K, used 423359K [0x00000006c0000000, 0x00000006de400000, 0x000000076ab00000)
  object space 495616K, 85% used [0x00000006c0000000,0x00000006d9d6fe80,0x00000006de400000)
 Metaspace       used 6837K, capacity 7352K, committed 7680K, reserved 1056768K
  class space    used 646K, capacity 688K, committed 768K, reserved 1048576K
}
Event: 7.805 GC heap before
{Heap before GC invocations=18 (full 4):
 PSYoungGen      total 820224K, used 137996K [0x000000076ab00000, 0x00000007ad480000, 0x00000007c0000000)
  eden space 643584K, 0% used [0x000000076ab00000,0x000000076ab00000,0x0000000791f80000)
  from space 176640K, 78% used [0x00000007a2800000,0x00000007aaec3260,0x00000007ad480000)
  to   space 139776K, 0% used [0x0000000791f80000,0x0000000791f80000,0x000000079a800000)
 ParOldGen       total 495616K, used 423359K [0x00000006c0000000, 0x00000006de400000, 0x000000076ab00000)
  object space 495616K, 85% used [0x00000006c0000000,0x00000006d9d6fe80,0x00000006de400000)
 Metaspace       used 6837K, capacity 7352K, committed 7680K, reserved 1056768K
  class space    used 646K, capacity 688K, committed 768K, reserved 1048576K
Event: 9.808 GC heap after
Heap after GC invocations=18 (full 4):
 PSYoungGen      total 820224K, used 60221K [0x000000076ab00000, 0x00000007ad480000, 0x00000007c0000000)
  eden space 643584K, 0% used [0x000000076ab00000,0x000000076ab00000,0x0000000791f80000)
  from space 176640K, 34% used [0x00000007a2800000,0x00000007a62cf5d8,0x00000007ad480000)
  to   space 139776K, 0% used [0x0000000791f80000,0x0000000791f80000,0x000000079a800000)
 ParOldGen       total 495616K, used 495491K [0x00000006c0000000, 0x00000006de400000, 0x000000076ab00000)
  object space 495616K, 99% used [0x00000006c0000000,0x00000006de3e0d70,0x00000006de400000)
 Metaspace       used 6837K, capacity 7352K, committed 7680K, reserved 1056768K
  class space    used 646K, capacity 688K, committed 768K, reserved 1048576K
}
Event: 10.451 GC heap before
{Heap before GC invocations=19 (full 5):
 PSYoungGen      total 820224K, used 703805K [0x000000076ab00000, 0x00000007ad480000, 0x00000007c0000000)
  eden space 643584K, 100% used [0x000000076ab00000,0x0000000791f80000,0x0000000791f80000)
  from space 176640K, 34% used [0x00000007a2800000,0x00000007a62cf5d8,0x00000007ad480000)
  to   space 139776K, 0% used [0x0000000791f80000,0x0000000791f80000,0x000000079a800000)
 ParOldGen       total 495616K, used 495491K [0x00000006c0000000, 0x00000006de400000, 0x000000076ab00000)
  object space 495616K, 99% used [0x00000006c0000000,0x00000006de3e0d70,0x00000006de400000)
 Metaspace       used 6842K, capacity 7352K, committed 7680K, reserved 1056768K
  class space    used 646K, capacity 688K, committed 768K, reserved 1048576K
Event: 12.317 GC heap after
Heap after GC invocations=19 (full 5):
 PSYoungGen      total 820224K, used 146505K [0x000000076ab00000, 0x00000007ad480000, 0x00000007c0000000)
  eden space 643584K, 22% used [0x000000076ab00000,0x0000000773a124c0,0x0000000791f80000)
  from space 176640K, 0% used [0x00000007a2800000,0x00000007a2800000,0x00000007ad480000)
  to   space 139776K, 0% used [0x0000000791f80000,0x0000000791f80000,0x000000079a800000)
 ParOldGen       total 495616K, used 495595K [0x00000006c0000000, 0x00000006de400000, 0x000000076ab00000)
  object space 495616K, 99% used [0x00000006c0000000,0x00000006de3fad50,0x00000006de400000)
 Metaspace       used 6842K, capacity 7352K, committed 7680K, reserved 1056768K
  class space    used 646K, capacity 688K, committed 768K, reserved 1048576K
}

