# JRE version: Java(TM) SE Runtime Environment (8.0_144-b01) (build 1.8.0_144-b01)
# Java VM: Java HotSpot(TM) 64-Bit Server VM (25.144-b01 mixed mode windows-amd64 compressed oops)
Heap:
 PSYoungGen      total 873472K, used 670742K [0x000000076ab00000, 0x00000007b6e80000, 0x00000007c0000000)
  eden space 667136K, 69% used [0x000000076ab00000,0x0000000787088e88,0x0000000793680000)
  from space 206336K, 99% used [0x00000007a3480000,0x00000007afdfc9d0,0x00000007afe00000)
  to   space 260096K, 0% used [0x0000000793680000,0x0000000793680000,0x00000007a3480000)
 ParOldGen       total 568832K, used 411277K [0x00000006c0000000, 0x00000006e2b80000, 0x000000076ab00000)
  object space 568832K, 72% used [0x00000006c0000000,0x00000006d91a35a8,0x00000006e2b80000)
 Metaspace       used 6834K, capacity 7352K, committed 7680K, reserved 1056768K
  class space    used 647K, capacity 688K, committed 768K, reserved 1048576K
GC Heap History (10 events):
Event: 5.467 GC heap before
{Heap before GC invocations=15 (full 2):
 PSYoungGen      total 605696K, used 605679K [0x000000076ab00000, 0x000000079b580000, 0x00000007c0000000)
  eden space 500736K, 100% used [0x000000076ab00000,0x0000000789400000,0x0000000789400000)
  from space 104960K, 99% used [0x0000000791400000,0x0000000797a7bf00,0x0000000797a80000)
  to   space 131072K, 0% used [0x0000000789400000,0x0000000789400000,0x0000000791400000)
 ParOldGen       total 359936K, used 229689K [0x00000006c0000000, 0x00000006d5f80000, 0x000000076ab00000)
  object space 359936K, 63% used [0x00000006c0000000,0x00000006ce04e550,0x00000006d5f80000)
 Metaspace       used 6809K, capacity 7352K, committed 7680K, reserved 1056768K
  class space    used 645K, capacity 688K, committed 768K, reserved 1048576K
Event: 5.576 GC heap after
Heap after GC invocations=15 (full 2):
 PSYoungGen      total 631808K, used 131042K [0x000000076ab00000, 0x00000007a4780000, 0x00000007c0000000)
  eden space 500736K, 0% used [0x000000076ab00000,0x000000076ab00000,0x0000000789400000)
  from space 131072K, 99% used [0x0000000789400000,0x00000007913f88b0,0x0000000791400000)
  to   space 169472K, 0% used [0x000000079a200000,0x000000079a200000,0x00000007a4780000)
 ParOldGen       total 359936K, used 273618K [0x00000006c0000000, 0x00000006d5f80000, 0x000000076ab00000)
  object space 359936K, 76% used [0x00000006c0000000,0x00000006d0b34ba8,0x00000006d5f80000)
 Metaspace       used 6809K, capacity 7352K, committed 7680K, reserved 1056768K
  class space    used 645K, capacity 688K, committed 768K, reserved 1048576K
}
Event: 6.065 GC heap before
{Heap before GC invocations=16 (full 2):
 PSYoungGen      total 631808K, used 631778K [0x000000076ab00000, 0x00000007a4780000, 0x00000007c0000000)
  eden space 500736K, 100% used [0x000000076ab00000,0x0000000789400000,0x0000000789400000)
  from space 131072K, 99% used [0x0000000789400000,0x00000007913f88b0,0x0000000791400000)
  to   space 169472K, 0% used [0x000000079a200000,0x000000079a200000,0x00000007a4780000)
 ParOldGen       total 359936K, used 273618K [0x00000006c0000000, 0x00000006d5f80000, 0x000000076ab00000)
  object space 359936K, 76% used [0x00000006c0000000,0x00000006d0b34ba8,0x00000006d5f80000)
 Metaspace       used 6814K, capacity 7352K, committed 7680K, reserved 1056768K
  class space    used 645K, capacity 688K, committed 768K, reserved 1048576K
Event: 6.203 GC heap after
Heap after GC invocations=16 (full 2):
 PSYoungGen      total 768512K, used 112433K [0x000000076ab00000, 0x00000007a6180000, 0x00000007c0000000)
  eden space 599040K, 0% used [0x000000076ab00000,0x000000076ab00000,0x000000078f400000)
  from space 169472K, 66% used [0x000000079a200000,0x00000007a0fcc6c0,0x00000007a4780000)
  to   space 178176K, 0% used [0x000000078f400000,0x000000078f400000,0x000000079a200000)
 ParOldGen       total 359936K, used 354446K [0x00000006c0000000, 0x00000006d5f80000, 0x000000076ab00000)
  object space 359936K, 98% used [0x00000006c0000000,0x00000006d5a23988,0x00000006d5f80000)
 Metaspace       used 6814K, capacity 7352K, committed 7680K, reserved 1056768K
  class space    used 645K, capacity 688K, committed 768K, reserved 1048576K
}
Event: 6.203 GC heap before
{Heap before GC invocations=17 (full 3):
 PSYoungGen      total 768512K, used 112433K [0x000000076ab00000, 0x00000007a6180000, 0x00000007c0000000)
  eden space 599040K, 0% used [0x000000076ab00000,0x000000076ab00000,0x000000078f400000)
  from space 169472K, 66% used [0x000000079a200000,0x00000007a0fcc6c0,0x00000007a4780000)
  to   space 178176K, 0% used [0x000000078f400000,0x000000078f400000,0x000000079a200000)
 ParOldGen       total 359936K, used 354446K [0x00000006c0000000, 0x00000006d5f80000, 0x000000076ab00000)
  object space 359936K, 98% used [0x00000006c0000000,0x00000006d5a23988,0x00000006d5f80000)
 Metaspace       used 6814K, capacity 7352K, committed 7680K, reserved 1056768K
  class space    used 645K, capacity 688K, committed 768K, reserved 1048576K
Event: 7.206 GC heap after
Heap after GC invocations=17 (full 3):
 PSYoungGen      total 768512K, used 92178K [0x000000076ab00000, 0x00000007a6180000, 0x00000007c0000000)
  eden space 599040K, 0% used [0x000000076ab00000,0x000000076ab00000,0x000000078f400000)
  from space 169472K, 54% used [0x000000079a200000,0x000000079fc04b08,0x00000007a4780000)
  to   space 178176K, 0% used [0x000000078f400000,0x000000078f400000,0x000000079a200000)
 ParOldGen       total 568832K, used 359853K [0x00000006c0000000, 0x00000006e2b80000, 0x000000076ab00000)
  object space 568832K, 63% used [0x00000006c0000000,0x00000006d5f6b5f8,0x00000006e2b80000)
 Metaspace       used 6814K, capacity 7352K, committed 7680K, reserved 1056768K
  class space    used 645K, capacity 688K, committed 768K, reserved 1048576K
}
Event: 8.217 GC heap before
{Heap before GC invocations=18 (full 3):
 PSYoungGen      total 768512K, used 691218K [0x000000076ab00000, 0x00000007a6180000, 0x00000007c0000000)
  eden space 599040K, 100% used [0x000000076ab00000,0x000000078f400000,0x000000078f400000)
  from space 169472K, 54% used [0x000000079a200000,0x000000079fc04b08,0x00000007a4780000)
  to   space 178176K, 0% used [0x000000078f400000,0x000000078f400000,0x000000079a200000)
 ParOldGen       total 568832K, used 359853K [0x00000006c0000000, 0x00000006e2b80000, 0x000000076ab00000)
  object space 568832K, 63% used [0x00000006c0000000,0x00000006d5f6b5f8,0x00000006e2b80000)
 Metaspace       used 6825K, capacity 7352K, committed 7680K, reserved 1056768K
  class space    used 646K, capacity 688K, committed 768K, reserved 1048576K
Event: 8.367 GC heap after
Heap after GC invocations=18 (full 3):
 PSYoungGen      total 777216K, used 172166K [0x000000076ab00000, 0x00000007afe00000, 0x00000007c0000000)
  eden space 599040K, 0% used [0x000000076ab00000,0x000000076ab00000,0x000000078f400000)
  from space 178176K, 96% used [0x000000078f400000,0x0000000799c218f0,0x000000079a200000)
  to   space 206336K, 0% used [0x00000007a3480000,0x00000007a3480000,0x00000007afe00000)
 ParOldGen       total 568832K, used 359853K [0x00000006c0000000, 0x00000006e2b80000, 0x000000076ab00000)
  object space 568832K, 63% used [0x00000006c0000000,0x00000006d5f6b5f8,0x00000006e2b80000)
 Metaspace       used 6825K, capacity 7352K, committed 7680K, reserved 1056768K
  class space    used 646K, capacity 688K, committed 768K, reserved 1048576K
}
Event: 9.294 GC heap before
{Heap before GC invocations=19 (full 3):
 PSYoungGen      total 777216K, used 771206K [0x000000076ab00000, 0x00000007afe00000, 0x00000007c0000000)
  eden space 599040K, 100% used [0x000000076ab00000,0x000000078f400000,0x000000078f400000)
  from space 178176K, 96% used [0x000000078f400000,0x0000000799c218f0,0x000000079a200000)
  to   space 206336K, 0% used [0x00000007a3480000,0x00000007a3480000,0x00000007afe00000)
 ParOldGen       total 568832K, used 359853K [0x00000006c0000000, 0x00000006e2b80000, 0x000000076ab00000)
  object space 568832K, 63% used [0x00000006c0000000,0x00000006d5f6b5f8,0x00000006e2b80000)
 Metaspace       used 6831K, capacity 7352K, committed 7680K, reserved 1056768K
  class space    used 647K, capacity 688K, committed 768K, reserved 1048576K
Event: 9.513 GC heap after
Heap after GC invocations=19 (full 3):
 PSYoungGen      total 873472K, used 206322K [0x000000076ab00000, 0x00000007b6e80000, 0x00000007c0000000)
  eden space 667136K, 0% used [0x000000076ab00000,0x000000076ab00000,0x0000000793680000)
  from space 206336K, 99% used [0x00000007a3480000,0x00000007afdfc9d0,0x00000007afe00000)
  to   space 260096K, 0% used [0x0000000793680000,0x0000000793680000,0x00000007a3480000)
 ParOldGen       total 568832K, used 411277K [0x00000006c0000000, 0x00000006e2b80000, 0x000000076ab00000)
  object space 568832K, 72% used [0x00000006c0000000,0x00000006d91a35a8,0x00000006e2b80000)
 Metaspace       used 6831K, capacity 7352K, committed 7680K, reserved 1056768K
  class space    used 647K, capacity 688K, committed 768K, reserved 1048576K
}

