# JRE version: Java(TM) SE Runtime Environment (8.0_144-b01) (build 1.8.0_144-b01)
# Java VM: Java HotSpot(TM) 64-Bit Server VM (25.144-b01 mixed mode windows-amd64 compressed oops)
Heap:
 PSYoungGen      total 466432K, used 25357K [0x000000076ab00000, 0x0000000795400000, 0x00000007c0000000)
  eden space 443392K, 1% used [0x000000076ab00000,0x000000076b2e2ab8,0x0000000785c00000)
  from space 23040K, 75% used [0x000000078c000000,0x000000078d0e0c18,0x000000078d680000)
  to   space 102400K, 0% used [0x0000000785c00000,0x0000000785c00000,0x000000078c000000)
 ParOldGen       total 350208K, used 199659K [0x00000006c0000000, 0x00000006d5600000, 0x000000076ab00000)
  object space 350208K, 57% used [0x00000006c0000000,0x00000006cc2fae60,0x00000006d5600000)
 Metaspace       used 6780K, capacity 7352K, committed 7680K, reserved 1056768K
  class space    used 645K, capacity 688K, committed 768K, reserved 1048576K
GC Heap History (10 events):
Event: 1.519 GC heap before
{Heap before GC invocations=8 (full 1):
 PSYoungGen      total 286720K, used 30691K [0x000000076ab00000, 0x0000000790300000, 0x00000007c0000000)
  eden space 256000K, 0% used [0x000000076ab00000,0x000000076ab00000,0x000000077a500000)
  from space 30720K, 99% used [0x000000077a500000,0x000000077c2f8cc8,0x000000077c300000)
  to   space 51200K, 0% used [0x000000078d100000,0x000000078d100000,0x0000000790300000)
 ParOldGen       total 86016K, used 58805K [0x00000006c0000000, 0x00000006c5400000, 0x000000076ab00000)
  object space 86016K, 68% used [0x00000006c0000000,0x00000006c396d650,0x00000006c5400000)
 Metaspace       used 6695K, capacity 7288K, committed 7424K, reserved 1056768K
  class space    used 645K, capacity 688K, committed 768K, reserved 1048576K
Event: 1.951 GC heap after
Heap after GC invocations=8 (full 1):
 PSYoungGen      total 286720K, used 0K [0x000000076ab00000, 0x0000000790300000, 0x00000007c0000000)
  eden space 256000K, 0% used [0x000000076ab00000,0x000000076ab00000,0x000000077a500000)
  from space 30720K, 0% used [0x000000077a500000,0x000000077a500000,0x000000077c300000)
  to   space 51200K, 0% used [0x000000078d100000,0x000000078d100000,0x0000000790300000)
 ParOldGen       total 166400K, used 84714K [0x00000006c0000000, 0x00000006ca280000, 0x000000076ab00000)
  object space 166400K, 50% used [0x00000006c0000000,0x00000006c52ba888,0x00000006ca280000)
 Metaspace       used 6695K, capacity 7288K, committed 7424K, reserved 1056768K
  class space    used 645K, capacity 688K, committed 768K, reserved 1048576K
}
Event: 2.339 GC heap before
{Heap before GC invocations=9 (full 1):
 PSYoungGen      total 286720K, used 256000K [0x000000076ab00000, 0x0000000790300000, 0x00000007c0000000)
  eden space 256000K, 100% used [0x000000076ab00000,0x000000077a500000,0x000000077a500000)
  from space 30720K, 0% used [0x000000077a500000,0x000000077a500000,0x000000077c300000)
  to   space 51200K, 0% used [0x000000078d100000,0x000000078d100000,0x0000000790300000)
 ParOldGen       total 166400K, used 84714K [0x00000006c0000000, 0x00000006ca280000, 0x000000076ab00000)
  object space 166400K, 50% used [0x00000006c0000000,0x00000006c52ba888,0x00000006ca280000)
 Metaspace       used 6741K, capacity 7288K, committed 7424K, reserved 1056768K
  class space    used 645K, capacity 688K, committed 768K, reserved 1048576K
Event: 2.377 GC heap after
Heap after GC invocations=9 (full 1):
 PSYoungGen      total 379392K, used 38193K [0x000000076ab00000, 0x000000078f680000, 0x00000007c0000000)
  eden space 340992K, 0% used [0x000000076ab00000,0x000000076ab00000,0x000000077f800000)
  from space 38400K, 99% used [0x000000078d100000,0x000000078f64c660,0x000000078f680000)
  to   space 55808K, 0% used [0x0000000788980000,0x0000000788980000,0x000000078c000000)
 ParOldGen       total 166400K, used 84714K [0x00000006c0000000, 0x00000006ca280000, 0x000000076ab00000)
  object space 166400K, 50% used [0x00000006c0000000,0x00000006c52ba888,0x00000006ca280000)
 Metaspace       used 6741K, capacity 7288K, committed 7424K, reserved 1056768K
  class space    used 645K, capacity 688K, committed 768K, reserved 1048576K
}
Event: 2.790 GC heap before
{Heap before GC invocations=10 (full 1):
 PSYoungGen      total 379392K, used 379185K [0x000000076ab00000, 0x000000078f680000, 0x00000007c0000000)
  eden space 340992K, 100% used [0x000000076ab00000,0x000000077f800000,0x000000077f800000)
  from space 38400K, 99% used [0x000000078d100000,0x000000078f64c660,0x000000078f680000)
  to   space 55808K, 0% used [0x0000000788980000,0x0000000788980000,0x000000078c000000)
 ParOldGen       total 166400K, used 84714K [0x00000006c0000000, 0x00000006ca280000, 0x000000076ab00000)
  object space 166400K, 50% used [0x00000006c0000000,0x00000006c52ba888,0x00000006ca280000)
 Metaspace       used 6763K, capacity 7288K, committed 7424K, reserved 1056768K
  class space    used 645K, capacity 688K, committed 768K, reserved 1048576K
Event: 2.872 GC heap after
Heap after GC invocations=10 (full 1):
 PSYoungGen      total 470016K, used 55807K [0x000000076ab00000, 0x000000078d680000, 0x00000007c0000000)
  eden space 414208K, 0% used [0x000000076ab00000,0x000000076ab00000,0x0000000783f80000)
  from space 55808K, 99% used [0x0000000788980000,0x000000078bfffc00,0x000000078c000000)
  to   space 23040K, 0% used [0x000000078c000000,0x000000078c000000,0x000000078d680000)
 ParOldGen       total 166400K, used 112489K [0x00000006c0000000, 0x00000006ca280000, 0x000000076ab00000)
  object space 166400K, 67% used [0x00000006c0000000,0x00000006c6dda478,0x00000006ca280000)
 Metaspace       used 6763K, capacity 7288K, committed 7424K, reserved 1056768K
  class space    used 645K, capacity 688K, committed 768K, reserved 1048576K
}
Event: 5.014 GC heap before
{Heap before GC invocations=11 (full 1):
 PSYoungGen      total 470016K, used 470015K [0x000000076ab00000, 0x000000078d680000, 0x00000007c0000000)
  eden space 414208K, 100% used [0x000000076ab00000,0x0000000783f80000,0x0000000783f80000)
  from space 55808K, 99% used [0x0000000788980000,0x000000078bfffc00,0x000000078c000000)
  to   space 23040K, 0% used [0x000000078c000000,0x000000078c000000,0x000000078d680000)
 ParOldGen       total 166400K, used 112489K [0x00000006c0000000, 0x00000006ca280000, 0x000000076ab00000)
  object space 166400K, 67% used [0x00000006c0000000,0x00000006c6dda478,0x00000006ca280000)
 Metaspace       used 6780K, capacity 7352K, committed 7680K, reserved 1056768K
  class space    used 645K, capacity 688K, committed 768K, reserved 1048576K
Event: 5.106 GC heap after
Heap after GC invocations=11 (full 1):
 PSYoungGen      total 466432K, used 23028K [0x000000076ab00000, 0x0000000795400000, 0x00000007c0000000)
  eden space 443392K, 0% used [0x000000076ab00000,0x000000076ab00000,0x0000000785c00000)
  from space 23040K, 99% used [0x000000078c000000,0x000000078d67d0f8,0x000000078d680000)
  to   space 102400K, 0% used [0x0000000785c00000,0x0000000785c00000,0x000000078c000000)
 ParOldGen       total 199680K, used 199508K [0x00000006c0000000, 0x00000006cc300000, 0x000000076ab00000)
  object space 199680K, 99% used [0x00000006c0000000,0x00000006cc2d5338,0x00000006cc300000)
 Metaspace       used 6780K, capacity 7352K, committed 7680K, reserved 1056768K
  class space    used 645K, capacity 688K, committed 768K, reserved 1048576K
}
Event: 5.106 GC heap before
{Heap before GC invocations=12 (full 2):
 PSYoungGen      total 466432K, used 23028K [0x000000076ab00000, 0x0000000795400000, 0x00000007c0000000)
  eden space 443392K, 0% used [0x000000076ab00000,0x000000076ab00000,0x0000000785c00000)
  from space 23040K, 99% used [0x000000078c000000,0x000000078d67d0f8,0x000000078d680000)
  to   space 102400K, 0% used [0x0000000785c00000,0x0000000785c00000,0x000000078c000000)
 ParOldGen       total 199680K, used 199508K [0x00000006c0000000, 0x00000006cc300000, 0x000000076ab00000)
  object space 199680K, 99% used [0x00000006c0000000,0x00000006cc2d5338,0x00000006cc300000)
 Metaspace       used 6780K, capacity 7352K, committed 7680K, reserved 1056768K
  class space    used 645K, capacity 688K, committed 768K, reserved 1048576K
Event: 6.042 GC heap after
Heap after GC invocations=12 (full 2):
 PSYoungGen      total 466432K, used 17283K [0x000000076ab00000, 0x0000000795400000, 0x00000007c0000000)
  eden space 443392K, 0% used [0x000000076ab00000,0x000000076ab00000,0x0000000785c00000)
  from space 23040K, 75% used [0x000000078c000000,0x000000078d0e0c18,0x000000078d680000)
  to   space 102400K, 0% used [0x0000000785c00000,0x0000000785c00000,0x000000078c000000)
 ParOldGen       total 350208K, used 199659K [0x00000006c0000000, 0x00000006d5600000, 0x000000076ab00000)
  object space 350208K, 57% used [0x00000006c0000000,0x00000006cc2fae60,0x00000006d5600000)
 Metaspace       used 6780K, capacity 7352K, committed 7680K, reserved 1056768K
  class space    used 645K, capacity 688K, committed 768K, reserved 1048576K
}

